<!DOCTYPE html PUBLIC "-//W3C//DTD XHTML 1.1//EN" "http://www.w3.org/TR/xhtml11/DTD/xhtml11.dtd">
<html xmlns="http://www.w3.org/1999/xhtml">
<head>
<meta http-equiv="content-type" content="text/html; charset=UTF-8"/>
<title>TestNG Report</title>
<style type="text/css">table {margin-bottom:10px;border-collapse:collapse;empty-cells:show}th,td {border:1px solid #009;padding:.25em .5em}th {vertical-align:bottom}td {vertical-align:top}table a {font-weight:bold}.stripe td {background-color: #E6EBF9}.num {text-align:right}.passedodd td {background-color: #3F3}.passedeven td {background-color: #0A0}.skippedodd td {background-color: #DDD}.skippedeven td {background-color: #CCC}.failedodd td,.attn {background-color: #F33}.failedeven td,.stripe .attn {background-color: #D00}.stacktrace {white-space:pre;font-family:monospace}.totop {font-size:85%;text-align:center;border-bottom:2px solid #000}.invisible {display:none}</style>
</head>
<body>
<table>
<tr><th>Test</th><th># Passed</th><th># Skipped</th><th># Failed</th><th>Time (ms)</th><th>Included Groups</th><th>Excluded Groups</th></tr>
<tr><th colspan="7">Default suite</th></tr>
<tr><td><a href="#t0">Default test</a></td><td class="num">8</td><td class="num">0</td><td class="num attn">2</td><td class="num">10,870</td><td></td><td></td></tr>
</table>
<table id='summary'><thead><tr><th>Class</th><th>Method</th><th>Start</th><th>Time (ms)</th></tr></thead><tbody><tr><th colspan="4">Default suite</th></tr></tbody><tbody id="t0"><tr><th colspan="4">Default test &#8212; failed</th></tr><tr class="failedeven"><td rowspan="2">cs265b.CS265B_Selenium_Week10</td><td><a href="#m0">validDataTests</a></td><td rowspan="2">1524232665753</td><td rowspan="2">329</td></tr><tr class="failedeven"><td><a href="#m1">validDataTests</a></td></tr><tr><th colspan="4">Default test &#8212; passed</th></tr><tr class="passedeven"><td rowspan="8">cs265b.CS265B_Selenium_Week10</td><td><a href="#m2">invalidDataTests</a></td><td rowspan="4">1524232662879</td><td rowspan="4">326</td></tr><tr class="passedeven"><td><a href="#m3">invalidDataTests</a></td></tr><tr class="passedeven"><td><a href="#m4">invalidDataTests</a></td></tr><tr class="passedeven"><td><a href="#m5">invalidDataTests</a></td></tr><tr class="passedeven"><td><a href="#m6">validDataTests</a></td><td rowspan="4">1524232664491</td><td rowspan="4">310</td></tr><tr class="passedeven"><td><a href="#m7">validDataTests</a></td></tr><tr class="passedeven"><td><a href="#m8">validDataTests</a></td></tr><tr class="passedeven"><td><a href="#m9">validDataTests</a></td></tr></tbody>
</table>
<h2>Default test</h2><h3 id="m0">cs265b.CS265B_Selenium_Week10#validDataTests</h3><table class="result"><tr class="param"><th>Parameter #1</th><th>Parameter #2</th><th>Parameter #3</th><th>Parameter #4</th></tr><tr class="param stripe"><td>60</td><td>20</td><td>120</td><td>SCALENE</td></tr><tr><th colspan="4">Exception</th></tr><tr><td colspan="4"><div class="stacktrace">java.lang.AssertionError: expected:&lt;SCALENE&gt; but was:&lt;GREATER THAN 180&gt;
	at org.testng.AssertJUnit.assertEquals(AssertJUnit.java:101)
	at org.testng.AssertJUnit.assertEquals(AssertJUnit.java:108)
	at cs265b.CS265B_Selenium_Week10.CS265BLab7_TestTemplate(CS265B_Selenium_Week10.java:131)
	at cs265b.CS265B_Selenium_Week10.validDataTests(CS265B_Selenium_Week10.java:142)
	at sun.reflect.NativeMethodAccessorImpl.invoke0(Native Method)
	at sun.reflect.NativeMethodAccessorImpl.invoke(Unknown Source)
	at sun.reflect.DelegatingMethodAccessorImpl.invoke(Unknown Source)
	at java.lang.reflect.Method.invoke(Unknown Source)
	at org.testng.internal.MethodInvocationHelper.invokeMethod(MethodInvocationHelper.java:124)
	at org.testng.internal.Invoker.invokeMethod(Invoker.java:571)
	at org.testng.internal.Invoker.invokeTestMethod(Invoker.java:707)
	at org.testng.internal.Invoker.invokeTestMethods(Invoker.java:979)
	at org.testng.internal.TestMethodWorker.invokeTestMethods(TestMethodWorker.java:125)
	at org.testng.internal.TestMethodWorker.run(TestMethodWorker.java:109)
	at org.testng.TestRunner.privateRun(TestRunner.java:648)
	at org.testng.TestRunner.run(TestRunner.java:505)
	at org.testng.SuiteRunner.runTest(SuiteRunner.java:455)
	at org.testng.SuiteRunner.runSequentially(SuiteRunner.java:450)
	at org.testng.SuiteRunner.privateRun(SuiteRunner.java:415)
	at org.testng.SuiteRunner.run(SuiteRunner.java:364)
	at org.testng.SuiteRunnerWorker.runSuite(SuiteRunnerWorker.java:52)
	at org.testng.SuiteRunnerWorker.run(SuiteRunnerWorker.java:84)
	at org.testng.TestNG.runSuitesSequentially(TestNG.java:1187)
	at org.testng.TestNG.runSuitesLocally(TestNG.java:1116)
	at org.testng.TestNG.runSuites(TestNG.java:1028)
	at org.testng.TestNG.run(TestNG.java:996)
	at org.testng.remote.AbstractRemoteTestNG.run(AbstractRemoteTestNG.java:114)
	at org.testng.remote.RemoteTestNG.initAndRun(RemoteTestNG.java:251)
	at org.testng.remote.RemoteTestNG.main(RemoteTestNG.java:77)
</div></td></tr></table><p class="totop"><a href="#summary">back to summary</a></p>
<h3 id="m1">cs265b.CS265B_Selenium_Week10#validDataTests</h3><table class="result"><tr class="param"><th>Parameter #1</th><th>Parameter #2</th><th>Parameter #3</th><th>Parameter #4</th></tr><tr class="param stripe"><td>60</td><td>20</td><td>120</td><td>SCALENE</td></tr><tr><th colspan="4">Exception</th></tr><tr><td colspan="4"><div class="stacktrace">java.lang.AssertionError: expected:&lt;SCALENE&gt; but was:&lt;GREATER THAN 180&gt;
	at org.testng.AssertJUnit.assertEquals(AssertJUnit.java:101)
	at org.testng.AssertJUnit.assertEquals(AssertJUnit.java:108)
	at cs265b.CS265B_Selenium_Week10.CS265BLab7_TestTemplate(CS265B_Selenium_Week10.java:131)
	at cs265b.CS265B_Selenium_Week10.validDataTests(CS265B_Selenium_Week10.java:142)
	at sun.reflect.NativeMethodAccessorImpl.invoke0(Native Method)
	at sun.reflect.NativeMethodAccessorImpl.invoke(Unknown Source)
	at sun.reflect.DelegatingMethodAccessorImpl.invoke(Unknown Source)
	at java.lang.reflect.Method.invoke(Unknown Source)
	at org.testng.internal.MethodInvocationHelper.invokeMethod(MethodInvocationHelper.java:124)
	at org.testng.internal.Invoker.invokeMethod(Invoker.java:571)
	at org.testng.internal.Invoker.invokeTestMethod(Invoker.java:707)
	at org.testng.internal.Invoker.invokeTestMethods(Invoker.java:979)
	at org.testng.internal.TestMethodWorker.invokeTestMethods(TestMethodWorker.java:125)
	at org.testng.internal.TestMethodWorker.run(TestMethodWorker.java:109)
	at org.testng.TestRunner.privateRun(TestRunner.java:648)
	at org.testng.TestRunner.run(TestRunner.java:505)
	at org.testng.SuiteRunner.runTest(SuiteRunner.java:455)
	at org.testng.SuiteRunner.runSequentially(SuiteRunner.java:450)
	at org.testng.SuiteRunner.privateRun(SuiteRunner.java:415)
	at org.testng.SuiteRunner.run(SuiteRunner.java:364)
	at org.testng.SuiteRunnerWorker.runSuite(SuiteRunnerWorker.java:52)
	at org.testng.SuiteRunnerWorker.run(SuiteRunnerWorker.java:84)
	at org.testng.TestNG.runSuitesSequentially(TestNG.java:1187)
	at org.testng.TestNG.runSuitesLocally(TestNG.java:1116)
	at org.testng.TestNG.runSuites(TestNG.java:1028)
	at org.testng.TestNG.run(TestNG.java:996)
	at org.testng.remote.AbstractRemoteTestNG.run(AbstractRemoteTestNG.java:114)
	at org.testng.remote.RemoteTestNG.initAndRun(RemoteTestNG.java:251)
	at org.testng.remote.RemoteTestNG.main(RemoteTestNG.java:77)
</div></td></tr></table><p class="totop"><a href="#summary">back to summary</a></p>
<h3 id="m2">cs265b.CS265B_Selenium_Week10#invalidDataTests</h3><table class="result"><tr class="param"><th>Parameter #1</th><th>Parameter #2</th><th>Parameter #3</th><th>Parameter #4</th></tr><tr class="param stripe"><td>60</td><td>160</td><td>60</td><td>GREATER THAN 180</td></tr></table><p class="totop"><a href="#summary">back to summary</a></p>
<h3 id="m3">cs265b.CS265B_Selenium_Week10#invalidDataTests</h3><table class="result"><tr class="param"><th>Parameter #1</th><th>Parameter #2</th><th>Parameter #3</th><th>Parameter #4</th></tr><tr class="param stripe"><td>-60</td><td>160</td><td>60</td><td>NEGATIVE ANGLES</td></tr></table><p class="totop"><a href="#summary">back to summary</a></p>
<h3 id="m4">cs265b.CS265B_Selenium_Week10#invalidDataTests</h3><table class="result"><tr class="param"><th>Parameter #1</th><th>Parameter #2</th><th>Parameter #3</th><th>Parameter #4</th></tr><tr class="param stripe"><td>60</td><td>0</td><td>60</td><td>ZERO ANGLES</td></tr></table><p class="totop"><a href="#summary">back to summary</a></p>
<h3 id="m5">cs265b.CS265B_Selenium_Week10#invalidDataTests</h3><table class="result"><tr class="param"><th>Parameter #1</th><th>Parameter #2</th><th>Parameter #3</th><th>Parameter #4</th></tr><tr class="param stripe"><td>60</td><td></td><td>60</td><td>INVALID TRIANGLE</td></tr></table><p class="totop"><a href="#summary">back to summary</a></p>
<h3 id="m6">cs265b.CS265B_Selenium_Week10#validDataTests</h3><table class="result"><tr class="param"><th>Parameter #1</th><th>Parameter #2</th><th>Parameter #3</th><th>Parameter #4</th></tr><tr class="param stripe"><td>60</td><td>70</td><td>50</td><td>SCALENE</td></tr></table><p class="totop"><a href="#summary">back to summary</a></p>
<h3 id="m7">cs265b.CS265B_Selenium_Week10#validDataTests</h3><table class="result"><tr class="param"><th>Parameter #1</th><th>Parameter #2</th><th>Parameter #3</th><th>Parameter #4</th></tr><tr class="param stripe"><td>60</td><td>60</td><td>60</td><td>EQUILATERAL</td></tr></table><p class="totop"><a href="#summary">back to summary</a></p>
<h3 id="m8">cs265b.CS265B_Selenium_Week10#validDataTests</h3><table class="result"><tr class="param"><th>Parameter #1</th><th>Parameter #2</th><th>Parameter #3</th><th>Parameter #4</th></tr><tr class="param stripe"><td>90</td><td>60</td><td>30</td><td>RIGHT ANGLE TRIANGLE</td></tr></table><p class="totop"><a href="#summary">back to summary</a></p>
<h3 id="m9">cs265b.CS265B_Selenium_Week10#validDataTests</h3><table class="result"><tr class="param"><th>Parameter #1</th><th>Parameter #2</th><th>Parameter #3</th><th>Parameter #4</th></tr><tr class="param stripe"><td>30</td><td>60</td><td>90</td><td>RIGHT ANGLE TRIANGLE</td></tr></table><p class="totop"><a href="#summary">back to summary</a></p>
</body>
</html>
