<?xml version="1.0" encoding="UTF-8"?>
<testng-results skipped="0" failed="2" ignored="0" total="10" passed="8">
  <reporter-output>
  </reporter-output>
  <suite name="Default suite" duration-ms="10870" started-at="2018-04-20T13:57:37Z" finished-at="2018-04-20T13:57:47Z">
    <groups>
    </groups>
    <test name="Default test" duration-ms="10870" started-at="2018-04-20T13:57:37Z" finished-at="2018-04-20T13:57:47Z">
      <class name="cs265b.CS265B_Selenium_Week10">
        <test-method status="PASS" signature="setUpBeforeClass()[pri:0, instance:cs265b.CS265B_Selenium_Week10@475530b9]" name="setUpBeforeClass" is-config="true" duration-ms="3173" started-at="2018-04-20T14:57:37Z" finished-at="2018-04-20T14:57:40Z">
          <reporter-output>
          </reporter-output>
        </test-method> <!-- setUpBeforeClass -->
        <test-method status="PASS" signature="setUp()[pri:0, instance:cs265b.CS265B_Selenium_Week10@475530b9]" name="setUp" is-config="true" duration-ms="1927" started-at="2018-04-20T14:57:40Z" finished-at="2018-04-20T14:57:42Z">
          <reporter-output>
          </reporter-output>
        </test-method> <!-- setUp -->
        <test-method status="PASS" signature="invalidDataTests(java.lang.String, java.lang.String, java.lang.String, java.lang.String)[pri:0, instance:cs265b.CS265B_Selenium_Week10@475530b9]" name="invalidDataTests" duration-ms="517" started-at="2018-04-20T14:57:42Z" description="Testing the application with INVALID input data" data-provider="invalidData" finished-at="2018-04-20T14:57:42Z">
          <params>
            <param index="0">
              <value>
                <![CDATA[60]]>
              </value>
            </param>
            <param index="1">
              <value>
                <![CDATA[0]]>
              </value>
            </param>
            <param index="2">
              <value>
                <![CDATA[60]]>
              </value>
            </param>
            <param index="3">
              <value>
                <![CDATA[ZERO ANGLES]]>
              </value>
            </param>
          </params>
          <reporter-output>
          </reporter-output>
        </test-method> <!-- invalidDataTests -->
        <test-method status="PASS" signature="takeScreenShotOnFailure(org.testng.ITestResult)[pri:0, instance:cs265b.CS265B_Selenium_Week10@475530b9]" name="takeScreenShotOnFailure" is-config="true" duration-ms="2" started-at="2018-04-20T14:57:42Z" finished-at="2018-04-20T14:57:42Z">
          <params>
            <param index="0">
              <value>
                <![CDATA[[TestResult name=invalidDataTests status=SUCCESS method=CS265B_Selenium_Week10.invalidDataTests(java.lang.String, java.lang.String, java.lang.String, java.lang.String)[pri:0, instance:cs265b.CS265B_Selenium_Week10@475530b9] output={null}]]]>
              </value>
            </param>
          </params>
          <reporter-output>
          </reporter-output>
        </test-method> <!-- takeScreenShotOnFailure -->
        <test-method status="PASS" signature="setUp()[pri:0, instance:cs265b.CS265B_Selenium_Week10@475530b9]" name="setUp" is-config="true" duration-ms="162" started-at="2018-04-20T14:57:42Z" finished-at="2018-04-20T14:57:42Z">
          <reporter-output>
          </reporter-output>
        </test-method> <!-- setUp -->
        <test-method status="PASS" signature="invalidDataTests(java.lang.String, java.lang.String, java.lang.String, java.lang.String)[pri:0, instance:cs265b.CS265B_Selenium_Week10@475530b9]" name="invalidDataTests" duration-ms="326" started-at="2018-04-20T14:57:42Z" description="Testing the application with INVALID input data" data-provider="invalidData" finished-at="2018-04-20T14:57:43Z">
          <params>
            <param index="0">
              <value>
                <![CDATA[60]]>
              </value>
            </param>
            <param index="1">
              <value>
                <![CDATA[160]]>
              </value>
            </param>
            <param index="2">
              <value>
                <![CDATA[60]]>
              </value>
            </param>
            <param index="3">
              <value>
                <![CDATA[GREATER THAN 180]]>
              </value>
            </param>
          </params>
          <reporter-output>
          </reporter-output>
        </test-method> <!-- invalidDataTests -->
        <test-method status="PASS" signature="takeScreenShotOnFailure(org.testng.ITestResult)[pri:0, instance:cs265b.CS265B_Selenium_Week10@475530b9]" name="takeScreenShotOnFailure" is-config="true" duration-ms="0" started-at="2018-04-20T14:57:43Z" finished-at="2018-04-20T14:57:43Z">
          <params>
            <param index="0">
              <value>
                <![CDATA[[TestResult name=invalidDataTests status=SUCCESS method=CS265B_Selenium_Week10.invalidDataTests(java.lang.String, java.lang.String, java.lang.String, java.lang.String)[pri:0, instance:cs265b.CS265B_Selenium_Week10@475530b9] output={null}]]]>
              </value>
            </param>
          </params>
          <reporter-output>
          </reporter-output>
        </test-method> <!-- takeScreenShotOnFailure -->
        <test-method status="PASS" signature="setUp()[pri:0, instance:cs265b.CS265B_Selenium_Week10@475530b9]" name="setUp" is-config="true" duration-ms="70" started-at="2018-04-20T14:57:43Z" finished-at="2018-04-20T14:57:43Z">
          <reporter-output>
          </reporter-output>
        </test-method> <!-- setUp -->
        <test-method status="PASS" signature="invalidDataTests(java.lang.String, java.lang.String, java.lang.String, java.lang.String)[pri:0, instance:cs265b.CS265B_Selenium_Week10@475530b9]" name="invalidDataTests" duration-ms="320" started-at="2018-04-20T14:57:43Z" description="Testing the application with INVALID input data" data-provider="invalidData" finished-at="2018-04-20T14:57:43Z">
          <params>
            <param index="0">
              <value>
                <![CDATA[-60]]>
              </value>
            </param>
            <param index="1">
              <value>
                <![CDATA[160]]>
              </value>
            </param>
            <param index="2">
              <value>
                <![CDATA[60]]>
              </value>
            </param>
            <param index="3">
              <value>
                <![CDATA[NEGATIVE ANGLES]]>
              </value>
            </param>
          </params>
          <reporter-output>
          </reporter-output>
        </test-method> <!-- invalidDataTests -->
        <test-method status="PASS" signature="takeScreenShotOnFailure(org.testng.ITestResult)[pri:0, instance:cs265b.CS265B_Selenium_Week10@475530b9]" name="takeScreenShotOnFailure" is-config="true" duration-ms="1" started-at="2018-04-20T14:57:43Z" finished-at="2018-04-20T14:57:43Z">
          <params>
            <param index="0">
              <value>
                <![CDATA[[TestResult name=invalidDataTests status=SUCCESS method=CS265B_Selenium_Week10.invalidDataTests(java.lang.String, java.lang.String, java.lang.String, java.lang.String)[pri:0, instance:cs265b.CS265B_Selenium_Week10@475530b9] output={null}]]]>
              </value>
            </param>
          </params>
          <reporter-output>
          </reporter-output>
        </test-method> <!-- takeScreenShotOnFailure -->
        <test-method status="PASS" signature="setUp()[pri:0, instance:cs265b.CS265B_Selenium_Week10@475530b9]" name="setUp" is-config="true" duration-ms="85" started-at="2018-04-20T14:57:43Z" finished-at="2018-04-20T14:57:43Z">
          <reporter-output>
          </reporter-output>
        </test-method> <!-- setUp -->
        <test-method status="PASS" signature="invalidDataTests(java.lang.String, java.lang.String, java.lang.String, java.lang.String)[pri:0, instance:cs265b.CS265B_Selenium_Week10@475530b9]" name="invalidDataTests" duration-ms="297" started-at="2018-04-20T14:57:43Z" description="Testing the application with INVALID input data" data-provider="invalidData" finished-at="2018-04-20T14:57:43Z">
          <params>
            <param index="0">
              <value>
                <![CDATA[60]]>
              </value>
            </param>
            <param index="1">
              <value>
                <![CDATA[]]>
              </value>
            </param>
            <param index="2">
              <value>
                <![CDATA[60]]>
              </value>
            </param>
            <param index="3">
              <value>
                <![CDATA[INVALID TRIANGLE]]>
              </value>
            </param>
          </params>
          <reporter-output>
          </reporter-output>
        </test-method> <!-- invalidDataTests -->
        <test-method status="PASS" signature="takeScreenShotOnFailure(org.testng.ITestResult)[pri:0, instance:cs265b.CS265B_Selenium_Week10@475530b9]" name="takeScreenShotOnFailure" is-config="true" duration-ms="0" started-at="2018-04-20T14:57:43Z" finished-at="2018-04-20T14:57:43Z">
          <params>
            <param index="0">
              <value>
                <![CDATA[[TestResult name=invalidDataTests status=SUCCESS method=CS265B_Selenium_Week10.invalidDataTests(java.lang.String, java.lang.String, java.lang.String, java.lang.String)[pri:0, instance:cs265b.CS265B_Selenium_Week10@475530b9] output={null}]]]>
              </value>
            </param>
          </params>
          <reporter-output>
          </reporter-output>
        </test-method> <!-- takeScreenShotOnFailure -->
        <test-method status="PASS" signature="setUp()[pri:0, instance:cs265b.CS265B_Selenium_Week10@475530b9]" name="setUp" is-config="true" duration-ms="102" started-at="2018-04-20T14:57:43Z" finished-at="2018-04-20T14:57:44Z">
          <reporter-output>
          </reporter-output>
        </test-method> <!-- setUp -->
        <test-method status="PASS" signature="validDataTests(java.lang.String, java.lang.String, java.lang.String, java.lang.String)[pri:0, instance:cs265b.CS265B_Selenium_Week10@475530b9]" name="validDataTests" duration-ms="313" started-at="2018-04-20T14:57:44Z" description="Testing the application with VALID input data" data-provider="validData" finished-at="2018-04-20T14:57:44Z">
          <params>
            <param index="0">
              <value>
                <![CDATA[60]]>
              </value>
            </param>
            <param index="1">
              <value>
                <![CDATA[60]]>
              </value>
            </param>
            <param index="2">
              <value>
                <![CDATA[60]]>
              </value>
            </param>
            <param index="3">
              <value>
                <![CDATA[EQUILATERAL]]>
              </value>
            </param>
          </params>
          <reporter-output>
          </reporter-output>
        </test-method> <!-- validDataTests -->
        <test-method status="PASS" signature="takeScreenShotOnFailure(org.testng.ITestResult)[pri:0, instance:cs265b.CS265B_Selenium_Week10@475530b9]" name="takeScreenShotOnFailure" is-config="true" duration-ms="0" started-at="2018-04-20T14:57:44Z" finished-at="2018-04-20T14:57:44Z">
          <params>
            <param index="0">
              <value>
                <![CDATA[[TestResult name=validDataTests status=SUCCESS method=CS265B_Selenium_Week10.validDataTests(java.lang.String, java.lang.String, java.lang.String, java.lang.String)[pri:0, instance:cs265b.CS265B_Selenium_Week10@475530b9] output={null}]]]>
              </value>
            </param>
          </params>
          <reporter-output>
          </reporter-output>
        </test-method> <!-- takeScreenShotOnFailure -->
        <test-method status="PASS" signature="setUp()[pri:0, instance:cs265b.CS265B_Selenium_Week10@475530b9]" name="setUp" is-config="true" duration-ms="85" started-at="2018-04-20T14:57:44Z" finished-at="2018-04-20T14:57:44Z">
          <reporter-output>
          </reporter-output>
        </test-method> <!-- setUp -->
        <test-method status="PASS" signature="validDataTests(java.lang.String, java.lang.String, java.lang.String, java.lang.String)[pri:0, instance:cs265b.CS265B_Selenium_Week10@475530b9]" name="validDataTests" duration-ms="310" started-at="2018-04-20T14:57:44Z" description="Testing the application with VALID input data" data-provider="validData" finished-at="2018-04-20T14:57:44Z">
          <params>
            <param index="0">
              <value>
                <![CDATA[60]]>
              </value>
            </param>
            <param index="1">
              <value>
                <![CDATA[70]]>
              </value>
            </param>
            <param index="2">
              <value>
                <![CDATA[50]]>
              </value>
            </param>
            <param index="3">
              <value>
                <![CDATA[SCALENE]]>
              </value>
            </param>
          </params>
          <reporter-output>
          </reporter-output>
        </test-method> <!-- validDataTests -->
        <test-method status="PASS" signature="setUp()[pri:0, instance:cs265b.CS265B_Selenium_Week10@475530b9]" name="setUp" is-config="true" duration-ms="70" started-at="2018-04-20T14:57:44Z" finished-at="2018-04-20T14:57:44Z">
          <reporter-output>
          </reporter-output>
        </test-method> <!-- setUp -->
        <test-method status="PASS" signature="takeScreenShotOnFailure(org.testng.ITestResult)[pri:0, instance:cs265b.CS265B_Selenium_Week10@475530b9]" name="takeScreenShotOnFailure" is-config="true" duration-ms="0" started-at="2018-04-20T14:57:44Z" finished-at="2018-04-20T14:57:44Z">
          <params>
            <param index="0">
              <value>
                <![CDATA[[TestResult name=validDataTests status=SUCCESS method=CS265B_Selenium_Week10.validDataTests(java.lang.String, java.lang.String, java.lang.String, java.lang.String)[pri:0, instance:cs265b.CS265B_Selenium_Week10@475530b9] output={null}]]]>
              </value>
            </param>
          </params>
          <reporter-output>
          </reporter-output>
        </test-method> <!-- takeScreenShotOnFailure -->
        <test-method status="FAIL" signature="validDataTests(java.lang.String, java.lang.String, java.lang.String, java.lang.String)[pri:0, instance:cs265b.CS265B_Selenium_Week10@475530b9]" name="validDataTests" duration-ms="337" started-at="2018-04-20T14:57:44Z" description="Testing the application with VALID input data" data-provider="validData" finished-at="2018-04-20T14:57:45Z">
          <params>
            <param index="0">
              <value>
                <![CDATA[60]]>
              </value>
            </param>
            <param index="1">
              <value>
                <![CDATA[20]]>
              </value>
            </param>
            <param index="2">
              <value>
                <![CDATA[120]]>
              </value>
            </param>
            <param index="3">
              <value>
                <![CDATA[SCALENE]]>
              </value>
            </param>
          </params>
          <exception class="java.lang.AssertionError">
            <message>
              <![CDATA[expected:<SCALENE> but was:<GREATER THAN 180>]]>
            </message>
            <full-stacktrace>
              <![CDATA[java.lang.AssertionError: expected:<SCALENE> but was:<GREATER THAN 180>at org.testng.AssertJUnit.assertEquals(AssertJUnit.java:101)at org.testng.AssertJUnit.assertEquals(AssertJUnit.java:108)at cs265b.CS265B_Selenium_Week10.CS265BLab7_TestTemplate(CS265B_Selenium_Week10.java:131)at cs265b.CS265B_Selenium_Week10.validDataTests(CS265B_Selenium_Week10.java:142)at sun.reflect.NativeMethodAccessorImpl.invoke0(Native Method)at sun.reflect.NativeMethodAccessorImpl.invoke(Unknown Source)at sun.reflect.DelegatingMethodAccessorImpl.invoke(Unknown Source)at java.lang.reflect.Method.invoke(Unknown Source)at org.testng.internal.MethodInvocationHelper.invokeMethod(MethodInvocationHelper.java:124)at org.testng.internal.Invoker.invokeMethod(Invoker.java:571)at org.testng.internal.Invoker.invokeTestMethod(Invoker.java:707)at org.testng.internal.Invoker.invokeTestMethods(Invoker.java:979)at org.testng.internal.TestMethodWorker.invokeTestMethods(TestMethodWorker.java:125)at org.testng.internal.TestMethodWorker.run(TestMethodWorker.java:109)at org.testng.TestRunner.privateRun(TestRunner.java:648)at org.testng.TestRunner.run(TestRunner.java:505)at org.testng.SuiteRunner.runTest(SuiteRunner.java:455)at org.testng.SuiteRunner.runSequentially(SuiteRunner.java:450)at org.testng.SuiteRunner.privateRun(SuiteRunner.java:415)at org.testng.SuiteRunner.run(SuiteRunner.java:364)at org.testng.SuiteRunnerWorker.runSuite(SuiteRunnerWorker.java:52)at org.testng.SuiteRunnerWorker.run(SuiteRunnerWorker.java:84)at org.testng.TestNG.runSuitesSequentially(TestNG.java:1187)at org.testng.TestNG.runSuitesLocally(TestNG.java:1116)at org.testng.TestNG.runSuites(TestNG.java:1028)at org.testng.TestNG.run(TestNG.java:996)at org.testng.remote.AbstractRemoteTestNG.run(AbstractRemoteTestNG.java:114)at org.testng.remote.RemoteTestNG.initAndRun(RemoteTestNG.java:251)at org.testng.remote.RemoteTestNG.main(RemoteTestNG.java:77)]]>
            </full-stacktrace>
          </exception> <!-- java.lang.AssertionError -->
          <reporter-output>
          </reporter-output>
        </test-method> <!-- validDataTests -->
        <test-method status="PASS" signature="takeScreenShotOnFailure(org.testng.ITestResult)[pri:0, instance:cs265b.CS265B_Selenium_Week10@475530b9]" name="takeScreenShotOnFailure" is-config="true" duration-ms="434" started-at="2018-04-20T14:57:45Z" finished-at="2018-04-20T14:57:45Z">
          <params>
            <param index="0">
              <value>
                <![CDATA[[TestResult name=validDataTests status=FAILURE method=CS265B_Selenium_Week10.validDataTests(java.lang.String, java.lang.String, java.lang.String, java.lang.String)[pri:0, instance:cs265b.CS265B_Selenium_Week10@475530b9] output={null}]]]>
              </value>
            </param>
          </params>
          <reporter-output>
          </reporter-output>
        </test-method> <!-- takeScreenShotOnFailure -->
        <test-method status="PASS" signature="setUp()[pri:0, instance:cs265b.CS265B_Selenium_Week10@475530b9]" name="setUp" is-config="true" duration-ms="68" started-at="2018-04-20T14:57:45Z" finished-at="2018-04-20T14:57:45Z">
          <reporter-output>
          </reporter-output>
        </test-method> <!-- setUp -->
        <test-method status="FAIL" signature="validDataTests(java.lang.String, java.lang.String, java.lang.String, java.lang.String)[pri:0, instance:cs265b.CS265B_Selenium_Week10@475530b9]" name="validDataTests" duration-ms="329" started-at="2018-04-20T14:57:45Z" description="Testing the application with VALID input data" data-provider="validData" finished-at="2018-04-20T14:57:46Z">
          <params>
            <param index="0">
              <value>
                <![CDATA[60]]>
              </value>
            </param>
            <param index="1">
              <value>
                <![CDATA[20]]>
              </value>
            </param>
            <param index="2">
              <value>
                <![CDATA[120]]>
              </value>
            </param>
            <param index="3">
              <value>
                <![CDATA[SCALENE]]>
              </value>
            </param>
          </params>
          <exception class="java.lang.AssertionError">
            <message>
              <![CDATA[expected:<SCALENE> but was:<GREATER THAN 180>]]>
            </message>
            <full-stacktrace>
              <![CDATA[java.lang.AssertionError: expected:<SCALENE> but was:<GREATER THAN 180>at org.testng.AssertJUnit.assertEquals(AssertJUnit.java:101)at org.testng.AssertJUnit.assertEquals(AssertJUnit.java:108)at cs265b.CS265B_Selenium_Week10.CS265BLab7_TestTemplate(CS265B_Selenium_Week10.java:131)at cs265b.CS265B_Selenium_Week10.validDataTests(CS265B_Selenium_Week10.java:142)at sun.reflect.NativeMethodAccessorImpl.invoke0(Native Method)at sun.reflect.NativeMethodAccessorImpl.invoke(Unknown Source)at sun.reflect.DelegatingMethodAccessorImpl.invoke(Unknown Source)at java.lang.reflect.Method.invoke(Unknown Source)at org.testng.internal.MethodInvocationHelper.invokeMethod(MethodInvocationHelper.java:124)at org.testng.internal.Invoker.invokeMethod(Invoker.java:571)at org.testng.internal.Invoker.invokeTestMethod(Invoker.java:707)at org.testng.internal.Invoker.invokeTestMethods(Invoker.java:979)at org.testng.internal.TestMethodWorker.invokeTestMethods(TestMethodWorker.java:125)at org.testng.internal.TestMethodWorker.run(TestMethodWorker.java:109)at org.testng.TestRunner.privateRun(TestRunner.java:648)at org.testng.TestRunner.run(TestRunner.java:505)at org.testng.SuiteRunner.runTest(SuiteRunner.java:455)at org.testng.SuiteRunner.runSequentially(SuiteRunner.java:450)at org.testng.SuiteRunner.privateRun(SuiteRunner.java:415)at org.testng.SuiteRunner.run(SuiteRunner.java:364)at org.testng.SuiteRunnerWorker.runSuite(SuiteRunnerWorker.java:52)at org.testng.SuiteRunnerWorker.run(SuiteRunnerWorker.java:84)at org.testng.TestNG.runSuitesSequentially(TestNG.java:1187)at org.testng.TestNG.runSuitesLocally(TestNG.java:1116)at org.testng.TestNG.runSuites(TestNG.java:1028)at org.testng.TestNG.run(TestNG.java:996)at org.testng.remote.AbstractRemoteTestNG.run(AbstractRemoteTestNG.java:114)at org.testng.remote.RemoteTestNG.initAndRun(RemoteTestNG.java:251)at org.testng.remote.RemoteTestNG.main(RemoteTestNG.java:77)]]>
            </full-stacktrace>
          </exception> <!-- java.lang.AssertionError -->
          <reporter-output>
          </reporter-output>
        </test-method> <!-- validDataTests -->
        <test-method status="PASS" signature="takeScreenShotOnFailure(org.testng.ITestResult)[pri:0, instance:cs265b.CS265B_Selenium_Week10@475530b9]" name="takeScreenShotOnFailure" is-config="true" duration-ms="337" started-at="2018-04-20T14:57:46Z" finished-at="2018-04-20T14:57:46Z">
          <params>
            <param index="0">
              <value>
                <![CDATA[[TestResult name=validDataTests status=FAILURE method=CS265B_Selenium_Week10.validDataTests(java.lang.String, java.lang.String, java.lang.String, java.lang.String)[pri:0, instance:cs265b.CS265B_Selenium_Week10@475530b9] output={null}]]]>
              </value>
            </param>
          </params>
          <reporter-output>
          </reporter-output>
        </test-method> <!-- takeScreenShotOnFailure -->
        <test-method status="PASS" signature="setUp()[pri:0, instance:cs265b.CS265B_Selenium_Week10@475530b9]" name="setUp" is-config="true" duration-ms="65" started-at="2018-04-20T14:57:46Z" finished-at="2018-04-20T14:57:46Z">
          <reporter-output>
          </reporter-output>
        </test-method> <!-- setUp -->
        <test-method status="PASS" signature="validDataTests(java.lang.String, java.lang.String, java.lang.String, java.lang.String)[pri:0, instance:cs265b.CS265B_Selenium_Week10@475530b9]" name="validDataTests" duration-ms="328" started-at="2018-04-20T14:57:46Z" description="Testing the application with VALID input data" data-provider="validData" finished-at="2018-04-20T14:57:46Z">
          <params>
            <param index="0">
              <value>
                <![CDATA[90]]>
              </value>
            </param>
            <param index="1">
              <value>
                <![CDATA[60]]>
              </value>
            </param>
            <param index="2">
              <value>
                <![CDATA[30]]>
              </value>
            </param>
            <param index="3">
              <value>
                <![CDATA[RIGHT ANGLE TRIANGLE]]>
              </value>
            </param>
          </params>
          <reporter-output>
          </reporter-output>
        </test-method> <!-- validDataTests -->
        <test-method status="PASS" signature="takeScreenShotOnFailure(org.testng.ITestResult)[pri:0, instance:cs265b.CS265B_Selenium_Week10@475530b9]" name="takeScreenShotOnFailure" is-config="true" duration-ms="0" started-at="2018-04-20T14:57:46Z" finished-at="2018-04-20T14:57:46Z">
          <params>
            <param index="0">
              <value>
                <![CDATA[[TestResult name=validDataTests status=SUCCESS method=CS265B_Selenium_Week10.validDataTests(java.lang.String, java.lang.String, java.lang.String, java.lang.String)[pri:0, instance:cs265b.CS265B_Selenium_Week10@475530b9] output={null}]]]>
              </value>
            </param>
          </params>
          <reporter-output>
          </reporter-output>
        </test-method> <!-- takeScreenShotOnFailure -->
        <test-method status="PASS" signature="setUp()[pri:0, instance:cs265b.CS265B_Selenium_Week10@475530b9]" name="setUp" is-config="true" duration-ms="114" started-at="2018-04-20T14:57:46Z" finished-at="2018-04-20T14:57:46Z">
          <reporter-output>
          </reporter-output>
        </test-method> <!-- setUp -->
        <test-method status="PASS" signature="validDataTests(java.lang.String, java.lang.String, java.lang.String, java.lang.String)[pri:0, instance:cs265b.CS265B_Selenium_Week10@475530b9]" name="validDataTests" duration-ms="313" started-at="2018-04-20T14:57:46Z" description="Testing the application with VALID input data" data-provider="validData" finished-at="2018-04-20T14:57:47Z">
          <params>
            <param index="0">
              <value>
                <![CDATA[30]]>
              </value>
            </param>
            <param index="1">
              <value>
                <![CDATA[60]]>
              </value>
            </param>
            <param index="2">
              <value>
                <![CDATA[90]]>
              </value>
            </param>
            <param index="3">
              <value>
                <![CDATA[RIGHT ANGLE TRIANGLE]]>
              </value>
            </param>
          </params>
          <reporter-output>
          </reporter-output>
        </test-method> <!-- validDataTests -->
        <test-method status="PASS" signature="takeScreenShotOnFailure(org.testng.ITestResult)[pri:0, instance:cs265b.CS265B_Selenium_Week10@475530b9]" name="takeScreenShotOnFailure" is-config="true" duration-ms="1" started-at="2018-04-20T14:57:47Z" finished-at="2018-04-20T14:57:47Z">
          <params>
            <param index="0">
              <value>
                <![CDATA[[TestResult name=validDataTests status=SUCCESS method=CS265B_Selenium_Week10.validDataTests(java.lang.String, java.lang.String, java.lang.String, java.lang.String)[pri:0, instance:cs265b.CS265B_Selenium_Week10@475530b9] output={null}]]]>
              </value>
            </param>
          </params>
          <reporter-output>
          </reporter-output>
        </test-method> <!-- takeScreenShotOnFailure -->
        <test-method status="PASS" signature="tearDownAfterClass()[pri:0, instance:cs265b.CS265B_Selenium_Week10@475530b9]" name="tearDownAfterClass" is-config="true" duration-ms="660" started-at="2018-04-20T14:57:47Z" finished-at="2018-04-20T14:57:47Z">
          <reporter-output>
          </reporter-output>
        </test-method> <!-- tearDownAfterClass -->
      </class> <!-- cs265b.CS265B_Selenium_Week10 -->
    </test> <!-- Default test -->
  </suite> <!-- Default suite -->
</testng-results>
